{
    "test.scss": {
        "l": {
            "3": 1,
            "8": 0,
            "11": 1,
            "16": 1,
            "20": 3,
            "21": 3,
            "22": 3,
            "23": 3,
            "24": 3,
            "25": 3,
            "26": 3,
            "27": 3,
            "28": 3,
            "32": 0,
            "35": 0,
            "40": 1,
            "41": 0
        },
        "s": {
            "3": 1,
            "8": 0,
            "11": 1,
            "16": 1,
            "20": 3,
            "21": 3,
            "22": 3,
            "23": 3,
            "24": 3,
            "25": 3,
            "26": 3,
            "27": 3,
            "28": 3,
            "32": 0,
            "35": 0,
            "40": 1,
            "41": 0
        },
        "statementMap": {
            "3": {
                "start": {
                    "line": 3,
                    "column": 2
                },
                "end": {
                    "line": 3,
                    "column": 2
                }
            },
            "8": {
                "start": {
                    "line": 8,
                    "column": 4
                },
                "end": {
                    "line": 8,
                    "column": 4
                }
            },
            "11": {
                "start": {
                    "line": 11,
                    "column": 2
                },
                "end": {
                    "line": 11,
                    "column": 2
                }
            },
            "16": {
                "start": {
                    "line": 16,
                    "column": 2
                },
                "end": {
                    "line": 16,
                    "column": 2
                }
            },
            "20": {
                "start": {
                    "line": 20,
                    "column": 2
                },
                "end": {
                    "line": 20,
                    "column": 2
                }
            },
            "21": {
                "start": {
                    "line": 21,
                    "column": 2
                },
                "end": {
                    "line": 21,
                    "column": 2
                }
            },
            "22": {
                "start": {
                    "line": 22,
                    "column": 2
                },
                "end": {
                    "line": 22,
                    "column": 2
                }
            },
            "23": {
                "start": {
                    "line": 23,
                    "column": 2
                },
                "end": {
                    "line": 23,
                    "column": 2
                }
            },
            "24": {
                "start": {
                    "line": 24,
                    "column": 2
                },
                "end": {
                    "line": 24,
                    "column": 2
                }
            },
            "25": {
                "start": {
                    "line": 25,
                    "column": 2
                },
                "end": {
                    "line": 25,
                    "column": 2
                }
            },
            "26": {
                "start": {
                    "line": 26,
                    "column": 2
                },
                "end": {
                    "line": 26,
                    "column": 2
                }
            },
            "27": {
                "start": {
                    "line": 27,
                    "column": 2
                },
                "end": {
                    "line": 27,
                    "column": 2
                }
            },
            "28": {
                "start": {
                    "line": 28,
                    "column": 2
                },
                "end": {
                    "line": 28,
                    "column": 2
                }
            },
            "32": {
                "start": {
                    "line": 32,
                    "column": 0
                },
                "end": {
                    "line": 32,
                    "column": 0
                }
            },
            "35": {
                "start": {
                    "line": 35,
                    "column": 2
                },
                "end": {
                    "line": 35,
                    "column": 2
                }
            },
            "40": {
                "start": {
                    "line": 40,
                    "column": 0
                },
                "end": {
                    "line": 40,
                    "column": 0
                }
            },
            "41": {
                "start": {
                    "line": 41,
                    "column": 2
                },
                "end": {
                    "line": 41,
                    "column": 2
                }
            }
        }
    }
}