SF:/Users/phil/github/mine/css-coverage.js/test/test.scss
DA:3,1
DA:3,1
DA:3,1
DA:3,1
DA:3,1
DA:3,1
DA:3,1
DA:3,1
DA:3,1
DA:3,1
DA:3,1
DA:3,1
DA:4,1
DA:4,1
DA:4,1
DA:4,1
DA:4,1
DA:4,1
DA:4,1
DA:4,1
DA:4,1
DA:4,1
DA:4,1
DA:5,1
DA:5,1
DA:5,1
DA:5,1
DA:5,1
DA:5,1
DA:5,1
DA:5,1
DA:5,1
DA:5,1
DA:5,1
DA:5,1
DA:5,1
DA:5,1
DA:5,1
DA:5,1
DA:5,1
DA:5,1
DA:5,1
DA:5,1
DA:5,1
DA:6,1
DA:6,1
DA:6,1
DA:6,1
DA:6,1
DA:6,1
DA:6,1
DA:6,1
DA:6,1
DA:6,1
DA:6,1
DA:6,1
DA:7,1
DA:7,1
DA:7,1
DA:7,1
DA:7,1
DA:7,1
DA:7,1
DA:7,1
DA:7,1
DA:7,1
DA:7,1
DA:7,1
DA:7,1
DA:7,1
DA:7,1
DA:7,1
DA:7,1
DA:7,1
DA:7,1
DA:7,1
DA:7,1
DA:7,1
DA:7,1
DA:8,1
DA:8,1
DA:8,1
DA:8,1
DA:8,1
DA:8,1
DA:8,1
DA:8,1
DA:8,1
DA:8,1
DA:8,1
DA:8,1
DA:8,1
DA:8,1
DA:11,1
DA:11,1
DA:11,1
DA:11,1
DA:11,1
DA:11,1
DA:11,1
DA:11,1
DA:11,1
DA:11,1
DA:11,1
DA:11,1
DA:12,1
DA:12,1
DA:12,1
DA:12,1
DA:12,1
DA:12,1
DA:12,1
DA:12,1
DA:12,1
DA:12,1
DA:12,1
DA:12,1
DA:12,1
DA:12,1
DA:12,1
DA:12,1
DA:13,1
DA:13,1
DA:13,1
DA:13,1
DA:13,1
DA:13,1
DA:13,1
DA:13,1
DA:13,1
DA:13,1
DA:13,1
DA:13,1
DA:13,1
DA:13,1
DA:13,1
DA:16,1
DA:16,1
DA:16,1
DA:16,1
DA:16,1
DA:16,1
DA:16,1
DA:16,1
DA:16,1
DA:16,1
DA:16,1
DA:17,1
DA:17,1
DA:17,1
DA:17,1
DA:17,1
DA:17,1
DA:17,1
DA:17,1
DA:17,1
DA:17,1
DA:17,1
DA:17,1
DA:20,3
DA:20,3
DA:20,3
DA:20,3
DA:20,3
DA:20,3
DA:20,3
DA:20,3
DA:20,3
DA:20,3
DA:20,3
DA:20,3
DA:20,3
DA:20,3
DA:20,3
DA:20,3
DA:20,3
DA:20,3
DA:20,3
DA:20,3
DA:20,3
DA:20,3
DA:20,3
DA:20,3
DA:20,3
DA:20,3
DA:20,3
DA:20,3
DA:20,3
DA:21,3
DA:21,3
DA:21,3
DA:21,3
DA:21,3
DA:21,3
DA:21,3
DA:21,3
DA:21,3
DA:21,3
DA:21,3
DA:21,3
DA:21,3
DA:21,3
DA:21,3
DA:21,3
DA:21,3
DA:21,3
DA:21,3
DA:21,3
DA:21,3
DA:21,3
DA:21,3
DA:21,3
DA:21,3
DA:22,3
DA:22,3
DA:22,3
DA:22,3
DA:22,3
DA:22,3
DA:22,3
DA:22,3
DA:22,3
DA:22,3
DA:22,3
DA:22,3
DA:22,3
DA:22,3
DA:22,3
DA:22,3
DA:22,3
DA:22,3
DA:22,3
DA:22,3
DA:22,3
DA:22,3
DA:22,3
DA:22,3
DA:22,3
DA:22,3
DA:23,3
DA:23,3
DA:23,3
DA:23,3
DA:23,3
DA:23,3
DA:23,3
DA:23,3
DA:23,3
DA:23,3
DA:23,3
DA:23,3
DA:23,3
DA:23,3
DA:23,3
DA:23,3
DA:23,3
DA:23,3
DA:23,3
DA:23,3
DA:23,3
DA:23,3
DA:23,3
DA:23,3
DA:23,3
DA:23,3
DA:24,3
DA:24,3
DA:24,3
DA:24,3
DA:24,3
DA:24,3
DA:24,3
DA:24,3
DA:24,3
DA:24,3
DA:24,3
DA:24,3
DA:24,3
DA:24,3
DA:24,3
DA:24,3
DA:24,3
DA:24,3
DA:24,3
DA:24,3
DA:24,3
DA:24,3
DA:24,3
DA:24,3
DA:24,3
DA:24,3
DA:24,3
DA:25,3
DA:25,3
DA:25,3
DA:25,3
DA:25,3
DA:25,3
DA:25,3
DA:25,3
DA:25,3
DA:25,3
DA:25,3
DA:25,3
DA:25,3
DA:25,3
DA:25,3
DA:25,3
DA:25,3
DA:25,3
DA:25,3
DA:25,3
DA:25,3
DA:25,3
DA:25,3
DA:25,3
DA:25,3
DA:25,3
DA:25,3
DA:25,3
DA:26,3
DA:26,3
DA:26,3
DA:26,3
DA:26,3
DA:26,3
DA:26,3
DA:26,3
DA:26,3
DA:26,3
DA:26,3
DA:26,3
DA:26,3
DA:26,3
DA:26,3
DA:26,3
DA:26,3
DA:26,3
DA:26,3
DA:26,3
DA:26,3
DA:26,3
DA:26,3
DA:26,3
DA:26,3
DA:27,3
DA:27,3
DA:27,3
DA:27,3
DA:27,3
DA:27,3
DA:27,3
DA:27,3
DA:27,3
DA:27,3
DA:27,3
DA:27,3
DA:27,3
DA:27,3
DA:27,3
DA:27,3
DA:27,3
DA:27,3
DA:27,3
DA:27,3
DA:27,3
DA:27,3
DA:27,3
DA:27,3
DA:27,3
DA:27,3
DA:27,3
DA:27,3
DA:27,3
DA:27,3
DA:27,3
DA:27,3
DA:27,3
DA:27,3
DA:28,3
DA:28,3
DA:28,3
DA:28,3
DA:28,3
DA:28,3
DA:28,3
DA:28,3
DA:28,3
DA:28,3
DA:28,3
DA:28,3
DA:28,3
DA:28,3
DA:28,3
DA:28,3
DA:28,3
DA:28,3
DA:28,3
DA:28,3
DA:28,3
DA:28,3
DA:28,3
DA:28,3
DA:28,3
DA:28,3
DA:28,3
DA:28,3
DA:28,3
DA:28,3
DA:28,3
DA:28,3
DA:28,3
DA:28,3
DA:28,3
DA:28,3
DA:32,0
DA:32,0
DA:32,0
DA:32,0
DA:32,0
DA:32,0
DA:32,0
DA:32,0
DA:32,0
DA:32,0
DA:32,0
DA:32,0
DA:32,0
DA:32,0
DA:32,0
DA:32,0
DA:32,0
DA:32,0
DA:32,0
DA:32,0
DA:32,0
DA:32,0
DA:32,0
DA:32,0
DA:32,0
DA:32,0
DA:32,0
DA:35,0
DA:35,0
DA:35,0
DA:35,0
DA:35,0
DA:35,0
DA:35,0
DA:35,0
DA:35,0
DA:35,0
DA:35,0
DA:35,0
DA:35,0
DA:35,0
DA:35,0
DA:35,0
DA:35,0
DA:35,0
DA:35,0
DA:35,0
DA:35,0
DA:35,0
DA:35,0
DA:35,0
DA:35,0
DA:35,0
DA:35,0
DA:36,0
DA:36,0
DA:36,0
DA:36,0
DA:36,0
DA:36,0
DA:36,0
DA:36,0
DA:36,0
DA:36,0
DA:36,0
DA:36,0
DA:36,0
DA:40,1
DA:40,1
DA:40,1
DA:40,1
DA:40,1
DA:40,1
DA:40,1
DA:40,1
DA:41,1
DA:41,1
DA:41,1
DA:41,1
DA:41,1
DA:41,1
DA:41,1
DA:41,1
DA:41,1
DA:41,1
DA:41,1
DA:41,1
DA:41,1
DA:41,1
DA:41,1
DA:41,1
DA:41,1
DA:41,1
DA:41,1
DA:41,1
DA:41,1
DA:41,1
DA:41,1
DA:41,1
LH:447
LF:514
end_of_record